[debug] [2023-09-15T12:20:05.332Z] ----------------------------------------------------------------------
[debug] [2023-09-15T12:20:05.335Z] Command:       C:\Program Files\nodejs\node.exe C:\Users\Student\AppData\Roaming\npm\node_modules\firebase-tools\lib\bin\firebase.js init
[debug] [2023-09-15T12:20:05.336Z] CLI Version:   12.5.4
[debug] [2023-09-15T12:20:05.336Z] Platform:      win32
[debug] [2023-09-15T12:20:05.337Z] Node Version:  v18.15.0
[debug] [2023-09-15T12:20:05.339Z] Time:          Fri Sep 15 2023 14:20:05 GMT+0200 (South Africa Standard Time)
[debug] [2023-09-15T12:20:05.339Z] ----------------------------------------------------------------------
[debug] 
[debug] [2023-09-15T12:20:05.475Z] > command requires scopes: ["email","openid","https://www.googleapis.com/auth/cloudplatformprojects.readonly","https://www.googleapis.com/auth/firebase","https://www.googleapis.com/auth/cloud-platform"]
[debug] [2023-09-15T12:20:05.476Z] > authorizing via signed-in user (olwethu.a.bhiya@gmail.com)
[info] 
     ######## #### ########  ######## ########     ###     ######  ########
     ##        ##  ##     ## ##       ##     ##  ##   ##  ##       ##
     ######    ##  ########  ######   ########  #########  ######  ######
     ##        ##  ##    ##  ##       ##     ## ##     ##       ## ##
     ##       #### ##     ## ######## ########  ##     ##  ######  ########

You're about to initialize a Firebase project in this directory:

  C:\Users\Student

Before we get started, keep in mind:

  * You are initializing within an existing Firebase project directory

[info] 
=== Project Setup
[info] 
[info] First, let's associate this project directory with a Firebase project.
[info] You can create multiple project aliases by running firebase use --add, 
[info] but for now we'll just set up a default project.
[info] 
[debug] [2023-09-15T12:20:13.765Z] Using project from CLI flag: vue-eomp-exercise
[debug] [2023-09-15T12:20:13.769Z] >>> [apiv2][query] GET https://firebase.googleapis.com/v1beta1/projects/vue-eomp-exercise [none]
[debug] [2023-09-15T12:20:14.503Z] <<< [apiv2][status] GET https://firebase.googleapis.com/v1beta1/projects/vue-eomp-exercise 200
[debug] [2023-09-15T12:20:14.503Z] <<< [apiv2][body] GET https://firebase.googleapis.com/v1beta1/projects/vue-eomp-exercise {"projectId":"vue-eomp-exercise","projectNumber":"168262472094","displayName":"Vue-EOMP-exercise","name":"projects/vue-eomp-exercise","resources":{"hostingSite":"vue-eomp-exercise"},"state":"ACTIVE","etag":"1_2115af12-b582-425e-8435-daf7231bf53c"}
[info] i  Using project vue-eomp-exercise (Vue-EOMP-exercise) 
[info] 
=== Hosting Setup
[info] 
[info] Your public directory is the folder (relative to your project directory) that
[info] will contain Hosting assets to be uploaded with firebase deploy. If you
[info] have a build process for your assets, use your build's output directory.
[info] 
